1772380471.871097 client started (21735): version 3.6a, socket /private/tmp/tmux-501/default, protocol 8
1772380471.871140 on Darwin 24.6.0 Darwin Kernel Version 24.6.0: Mon Jul 14 11:30:29 PDT 2025; root:xnu-11417.140.69~1/RELEASE_ARM64_T6000
1772380471.871147 using libevent 2.1.12-stable select
1772380471.871154 using utf8proc 2.11.3
1772380471.871160 using ncurses 6.5 20240427
1772380471.871170 flags are 0x18016000
1772380471.871176 socket is /private/tmp/tmux-501/default
1772380471.871189 trying connect
1772380471.871224 add peer 0x117f11c20: 6 (0x0)
1772380471.872676 sending message 111 to peer 0x117f11c20 (8 bytes)
1772380471.872686 sending message 111 to peer 0x117f11c20 (8 bytes)
1772380471.872690 sending message 101 to peer 0x117f11c20 (5 bytes)
1772380471.872694 sending message 109 to peer 0x117f11c20 (4 bytes)
1772380471.872698 sending message 102 to peer 0x117f11c20 (13 bytes)
1772380471.872702 sending message 108 to peer 0x117f11c20 (30 bytes)
1772380471.872706 sending message 112 to peer 0x117f11c20 (5 bytes)
1772380471.872709 sending message 112 to peer 0x117f11c20 (6 bytes)
1772380471.872713 sending message 112 to peer 0x117f11c20 (6 bytes)
1772380471.872716 sending message 112 to peer 0x117f11c20 (7 bytes)
1772380471.872724 sending message 104 to peer 0x117f11c20 (0 bytes)
1772380471.872728 sending message 110 to peer 0x117f11c20 (0 bytes)
1772380471.872732 sending message 107 to peer 0x117f11c20 (4 bytes)
1772380471.872735 sending message 105 to peer 0x117f11c20 (32 bytes)
1772380471.872739 sending message 105 to peer 0x117f11c20 (11 bytes)
1772380471.872742 sending message 105 to peer 0x117f11c20 (49 bytes)
1772380471.872746 sending message 105 to peer 0x117f11c20 (14 bytes)
1772380471.872749 sending message 105 to peer 0x117f11c20 (53 bytes)
1772380471.872753 sending message 105 to peer 0x117f11c20 (11 bytes)
1772380471.872756 sending message 105 to peer 0x117f11c20 (22 bytes)
1772380471.872759 sending message 105 to peer 0x117f11c20 (34 bytes)
1772380471.872763 sending message 105 to peer 0x117f11c20 (25 bytes)
1772380471.872767 sending message 105 to peer 0x117f11c20 (11 bytes)
1772380471.872770 sending message 105 to peer 0x117f11c20 (13 bytes)
1772380471.872773 sending message 105 to peer 0x117f11c20 (14 bytes)
1772380471.872777 sending message 105 to peer 0x117f11c20 (20 bytes)
1772380471.872780 sending message 105 to peer 0x117f11c20 (37 bytes)
1772380471.872784 sending message 105 to peer 0x117f11c20 (30 bytes)
1772380471.872787 sending message 105 to peer 0x117f11c20 (34 bytes)
1772380471.872791 sending message 105 to peer 0x117f11c20 (60 bytes)
1772380471.872794 sending message 105 to peer 0x117f11c20 (13 bytes)
1772380471.872798 sending message 105 to peer 0x117f11c20 (15 bytes)
1772380471.872802 sending message 105 to peer 0x117f11c20 (17 bytes)
1772380471.872805 sending message 105 to peer 0x117f11c20 (8 bytes)
1772380471.872809 sending message 105 to peer 0x117f11c20 (16 bytes)
1772380471.872812 sending message 105 to peer 0x117f11c20 (32 bytes)
1772380471.872816 sending message 105 to peer 0x117f11c20 (96 bytes)
1772380471.872819 sending message 105 to peer 0x117f11c20 (17 bytes)
1772380471.872823 sending message 105 to peer 0x117f11c20 (11 bytes)
1772380471.872827 sending message 105 to peer 0x117f11c20 (28 bytes)
1772380471.872830 sending message 105 to peer 0x117f11c20 (37 bytes)
1772380471.872833 sending message 105 to peer 0x117f11c20 (11 bytes)
1772380471.872837 sending message 105 to peer 0x117f11c20 (722 bytes)
1772380471.872841 sending message 105 to peer 0x117f11c20 (34 bytes)
1772380471.872844 sending message 105 to peer 0x117f11c20 (14 bytes)
1772380471.872847 sending message 105 to peer 0x117f11c20 (15 bytes)
1772380471.872851 sending message 105 to peer 0x117f11c20 (8 bytes)
1772380471.872854 sending message 105 to peer 0x117f11c20 (66 bytes)
1772380471.872858 sending message 105 to peer 0x117f11c20 (38 bytes)
1772380471.872861 sending message 105 to peer 0x117f11c20 (19 bytes)
1772380471.872865 sending message 105 to peer 0x117f11c20 (10 bytes)
1772380471.872868 sending message 105 to peer 0x117f11c20 (57 bytes)
1772380471.872877 sending message 105 to peer 0x117f11c20 (13 bytes)
1772380471.872880 sending message 105 to peer 0x117f11c20 (14 bytes)
1772380471.872882 sending message 105 to peer 0x117f11c20 (19 bytes)
1772380471.872885 sending message 105 to peer 0x117f11c20 (30 bytes)
1772380471.872888 sending message 105 to peer 0x117f11c20 (25 bytes)
1772380471.872890 sending message 105 to peer 0x117f11c20 (26 bytes)
1772380471.872893 sending message 105 to peer 0x117f11c20 (38 bytes)
1772380471.872896 sending message 105 to peer 0x117f11c20 (38 bytes)
1772380471.872898 sending message 105 to peer 0x117f11c20 (18 bytes)
1772380471.872901 sending message 105 to peer 0x117f11c20 (31 bytes)
1772380471.872903 sending message 106 to peer 0x117f11c20 (0 bytes)
1772380471.872911 cmd_pack_argv: argv[0]=new-session
1772380471.872914 cmd_pack_argv: argv[1]=-A
1772380471.872917 cmd_pack_argv: argv[2]=-s
1772380471.872919 cmd_pack_argv: argv[3]=termy
1772380471.872922 sending message 200 to peer 0x117f11c20 (28 bytes)
1772380471.872925 client loop enter
1772380471.872934 client loop exit
